<?xml version="1.0" encoding="UTF-8"?>
<!-- Generated by org.testng.reporters.JUnitReportReporter -->
<testsuite hostname="LAPTOP-RALNLQ2A" failures="0" tests="1" name="PracticeTests.Day5_Miscellaneous_Questions" time="3.262" errors="0" timestamp="2025-05-12T18:48:17 IST" skipped="0">
  <testcase classname="PracticeTests.Day5_Miscellaneous_Questions" name="TC_06_Getting_All_The_Broken_Images" time="3.262"/>
</testsuite> <!-- PracticeTests.Day5_Miscellaneous_Questions -->
