<?xml version="1.0" encoding="UTF-8"?>
<!-- Generated by org.testng.reporters.JUnitReportReporter -->
<testsuite hostname="LAPTOP-RALNLQ2A" failures="0" tests="1" name="PracticeTests.Day5_Miscellaneous_Questions" time="8.394" errors="0" timestamp="2025-05-19T15:48:09 IST" skipped="0">
  <testcase classname="PracticeTests.Day5_Miscellaneous_Questions" name="TC01_Uploading_A_File" time="8.394"/>
</testsuite> <!-- PracticeTests.Day5_Miscellaneous_Questions -->
