<?xml version="1.0" encoding="UTF-8"?>
<!-- Generated by org.testng.reporters.JUnitReportReporter -->
<testsuite hostname="LAPTOP-RALNLQ2A" failures="0" tests="1" name="PracticeTests.Element_Interations" time="0.337" errors="0" timestamp="2025-04-28T15:18:14 IST" skipped="0">
  <testcase classname="PracticeTests.Element_Interations" name="TC03_Handling_Links" time="0.337"/>
</testsuite> <!-- PracticeTests.Element_Interations -->
