<?xml version="1.0" encoding="UTF-8"?>
<!-- Generated by org.testng.reporters.JUnitReportReporter -->
<testsuite hostname="LAPTOP-RALNLQ2A" failures="0" tests="1" name="PracticeTests.Day5_Miscellaneous_Questions" time="7.182" errors="0" timestamp="2025-05-13T17:48:58 IST" skipped="0">
  <testcase classname="PracticeTests.Day5_Miscellaneous_Questions" name="TC_09_Dropdown__Without_Select_Class" time="7.182"/>
</testsuite> <!-- PracticeTests.Day5_Miscellaneous_Questions -->
