<?xml version="1.0" encoding="UTF-8"?>
<!-- Generated by org.testng.reporters.JUnitReportReporter -->
<testsuite hostname="LAPTOP-RALNLQ2A" failures="0" tests="1" name="PracticeTests.DayOne" time="2.239" errors="0" timestamp="2025-05-07T15:41:32 IST" skipped="0">
  <testcase classname="PracticeTests.DayOne" name="TC04_Print_All_Links" time="2.239"/>
</testsuite> <!-- PracticeTests.DayOne -->
