<?xml version="1.0" encoding="UTF-8"?>
<!-- Generated by org.testng.reporters.JUnitReportReporter -->
<testsuite hostname="LAPTOP-RALNLQ2A" failures="0" tests="1" name="PracticeTests.Element_Interations" time="8.563" errors="0" timestamp="2025-05-07T12:19:26 IST" skipped="0">
  <testcase classname="PracticeTests.Element_Interations" name="TC_12_Handling_Files" time="8.563"/>
</testsuite> <!-- PracticeTests.Element_Interations -->
