<?xml version="1.0" encoding="UTF-8"?>
<!-- Generated by org.testng.reporters.JUnitReportReporter -->
<testsuite hostname="LAPTOP-RALNLQ2A" failures="0" tests="1" name="PracticeTests.Day4_AdvancedXpath_And_DynamicElements" time="3.554" errors="0" timestamp="2025-05-09T14:59:38 IST" skipped="0">
  <testcase classname="PracticeTests.Day4_AdvancedXpath_And_DynamicElements" name="TC01_Xpath_Strategies" time="3.554"/>
</testsuite> <!-- PracticeTests.Day4_AdvancedXpath_And_DynamicElements -->
