<?xml version="1.0" encoding="UTF-8"?>
<!-- Generated by org.testng.reporters.JUnitReportReporter -->
<testsuite hostname="LAPTOP-RALNLQ2A" failures="0" tests="1" name="PracticeTests.Day2_Locators_Mastery" time="6.780" errors="0" timestamp="2025-05-08T18:36:31 IST" skipped="0">
  <testcase classname="PracticeTests.Day2_Locators_Mastery" name="TC_Assessment_02" time="6.780"/>
</testsuite> <!-- PracticeTests.Day2_Locators_Mastery -->
