<?xml version="1.0" encoding="UTF-8"?>
<!-- Generated by org.testng.reporters.JUnitReportReporter -->
<testsuite hostname="LAPTOP-RALNLQ2A" failures="0" tests="2" name="TutorialsPoint.PracticeTests" time="3.527" errors="0" timestamp="2025-04-28T12:18:49 IST" skipped="0">
  <testcase classname="TutorialsPoint.PracticeTests" name="TC_Actions" time="1.337"/>
  <testcase classname="TutorialsPoint.PracticeTests" name="TC_Actions" time="2.190"/>
</testsuite> <!-- TutorialsPoint.PracticeTests -->
