<?xml version="1.0" encoding="UTF-8"?>
<!-- Generated by org.testng.reporters.JUnitReportReporter -->
<testsuite hostname="LAPTOP-RALNLQ2A" failures="0" tests="1" name="TutorialsPoint.PracticeTests" time="40.984" errors="0" timestamp="2025-03-24T15:45:39 IST" skipped="0">
  <testcase classname="TutorialsPoint.PracticeTests" name="Exercise3_Frame_Handling" time="40.984"/>
</testsuite> <!-- TutorialsPoint.PracticeTests -->
