<?xml version="1.0" encoding="UTF-8"?>
<!-- Generated by org.testng.reporters.JUnitReportReporter -->
<testsuite hostname="LAPTOP-RALNLQ2A" failures="0" tests="1" name="TutorialsPoint.Main" time="0.745" errors="0" timestamp="2025-04-07T16:33:52 IST" skipped="0">
  <testcase classname="TutorialsPoint.Main" name="Exercise7_Table_Handling" time="0.745"/>
</testsuite> <!-- TutorialsPoint.Main -->
