<?xml version="1.0" encoding="UTF-8"?>
<!-- Generated by org.testng.reporters.JUnitReportReporter -->
<testsuite hostname="LAPTOP-RALNLQ2A" failures="0" tests="1" name="MockInterviewTests.Day2_Interview" time="8.872" errors="0" timestamp="2025-05-19T12:33:37 IST" skipped="0">
  <testcase classname="MockInterviewTests.Day2_Interview" name="TC_Login_Using_POM" time="8.872"/>
</testsuite> <!-- MockInterviewTests.Day2_Interview -->
