<?xml version="1.0" encoding="UTF-8"?>
<!-- Generated by org.testng.reporters.JUnitReportReporter -->
<testsuite hostname="LAPTOP-RALNLQ2A" failures="0" tests="1" name="PracticeTests.Day2_Locators_Mastery" time="1.113" errors="0" timestamp="2025-05-08T16:01:58 IST" skipped="0">
  <testcase classname="PracticeTests.Day2_Locators_Mastery" name="TC_Assessment" time="1.113"/>
</testsuite> <!-- PracticeTests.Day2_Locators_Mastery -->
