<?xml version="1.0" encoding="UTF-8"?>
<!-- Generated by org.testng.reporters.JUnitReportReporter -->
<testsuite hostname="LAPTOP-RALNLQ2A" failures="0" tests="1" name="MarvelRivals_API.HeroesTest" time="4.591" errors="0" timestamp="2025-04-07T18:39:03 IST" skipped="0">
  <testcase classname="MarvelRivals_API.HeroesTest" name="validatePunisher" time="4.591"/>
</testsuite> <!-- MarvelRivals_API.HeroesTest -->
