<?xml version="1.0" encoding="UTF-8"?>
<!-- Generated by org.testng.reporters.JUnitReportReporter -->
<testsuite hostname="LAPTOP-RALNLQ2A" failures="0" tests="1" name="MockInterviewTests.Day1_Interview" time="18.391" errors="0" timestamp="2025-05-16T12:43:33 IST" skipped="0">
  <testcase classname="MockInterviewTests.Day1_Interview" name="TC_06_GetAllTheLinks" time="18.391"/>
</testsuite> <!-- MockInterviewTests.Day1_Interview -->
