<?xml version="1.0" encoding="UTF-8"?>
<!-- Generated by org.testng.reporters.JUnitReportReporter -->
<testsuite hostname="LAPTOP-RALNLQ2A" failures="0" tests="1" name="PracticeTests.Day3_Handling_WebElements" time="29.447" errors="0" timestamp="2025-05-09T12:58:04 IST" skipped="0">
  <testcase classname="PracticeTests.Day3_Handling_WebElements" name="TC07_Handling_Non_Select_Elements" time="29.447"/>
</testsuite> <!-- PracticeTests.Day3_Handling_WebElements -->
