<?xml version="1.0" encoding="UTF-8"?>
<!-- Generated by org.testng.reporters.JUnitReportReporter -->
<testsuite hostname="LAPTOP-RALNLQ2A" failures="0" tests="1" name="TutorialsPoint.Main" time="2.135" errors="0" timestamp="2025-03-24T13:02:21 IST" skipped="0">
  <testcase classname="TutorialsPoint.Main" name="Exercise1_Take_Screenshot" time="2.135"/>
</testsuite> <!-- TutorialsPoint.Main -->
